<?xml version="1.0" encoding="utf-8"?><testsuites name="pytest tests"><testsuite name="pytest" errors="0" failures="0" skipped="0" tests="39" time="8.900" timestamp="2026-09-24T11:01:57.955520+00:00" hostname="agent-env-4c1d6ad7-4736-4152-9c75-112bd3e61158"><testcase classname="backend.tests.test_tasklio_cloud.TestHealth" name="test_root" time="0.167" /><testcase classname="backend.tests.test_tasklio_cloud.TestHealth" name="test_config_public" time="0.058" /><testcase classname="backend.tests.test_tasklio_cloud.TestAuth" name="test_register_returns_token_and_state" time="0.300" /><testcase classname="backend.tests.test_tasklio_cloud.TestAuth" name="test_duplicate_mobile_returns_409" time="0.059" /><testcase classname="backend.tests.test_tasklio_cloud.TestAuth" name="test_login_ok" time="0.286" /><testcase classname="backend.tests.test_tasklio_cloud.TestAuth" name="test_login_wrong_password_401" time="0.283" /><testcase classname="backend.tests.test_tasklio_cloud.TestAuth" name="test_invalid_mobile_format" time="0.059" /><testcase classname="backend.tests.test_tasklio_cloud.TestUserFlow" name="test_me_returns_state" time="0.064" /><testcase classname="backend.tests.test_tasklio_cloud.TestUserFlow" name="test_earn_adds_points_and_txn" time="0.061" /><testcase classname="backend.tests.test_tasklio_cloud.TestUserFlow" name="test_checkin_first_ok_second_400" time="0.116" /><testcase classname="backend.tests.test_tasklio_cloud.TestUserFlow" name="test_chances_consume_and_add" time="0.196" /><testcase classname="backend.tests.test_tasklio_cloud.TestUserFlow" name="test_payout_deducts_and_creates_pending" time="0.178" /><testcase classname="backend.tests.test_tasklio_cloud.TestUserFlow" name="test_payout_invalid_upi_400" time="0.065" /><testcase classname="backend.tests.test_tasklio_cloud.TestUserFlow" name="test_payout_insufficient_points" time="0.073" /><testcase classname="backend.tests.test_tasklio_cloud.TestAdminGuard" name="test_wrong_admin_key_403" time="0.058" /><testcase classname="backend.tests.test_tasklio_cloud.TestAdminGuard" name="test_admin_route_no_token_401" time="0.060" /><testcase classname="backend.tests.test_tasklio_cloud.TestAdminGuard" name="test_admin_route_with_user_token_403" time="0.056" /><testcase classname="backend.tests.test_tasklio_cloud.TestAdminGuard" name="test_admin_users_with_user_token_403" time="0.061" /><testcase classname="backend.tests.test_tasklio_cloud.TestAdminActions" name="test_admin_dashboard" time="0.132" /><testcase classname="backend.tests.test_tasklio_cloud.TestAdminActions" name="test_admin_list_users" time="0.069" /><testcase classname="backend.tests.test_tasklio_cloud.TestAdminActions" name="test_admin_list_payouts" time="0.063" /><testcase classname="backend.tests.test_tasklio_cloud.TestAdminActions" name="test_admin_adjust_points" time="0.191" /><testcase classname="backend.tests.test_tasklio_cloud.TestAdminActions" name="test_admin_approve_payout" time="0.255" /><testcase classname="backend.tests.test_tasklio_cloud.TestAdminActions" name="test_admin_reject_payout_refunds" time="0.258" /><testcase classname="backend.tests.test_tasklio_cloud.TestAdminActions" name="test_admin_broadcast_notify" time="0.635" /><testcase classname="backend.tests.test_tasklio_cloud.TestAdminActions" name="test_admin_update_config" time="0.114" /><testcase classname="backend.tests.test_tasklio_cloud.TestAdminUsersSearch" name="test_search_by_partial_mobile" time="0.368" /><testcase classname="backend.tests.test_tasklio_cloud.TestAdminAdjustPointsClampToZero" name="test_negative_delta_does_not_go_below_zero" time="0.218" /><testcase classname="backend.tests.test_tasklio_cloud.TestAdminEditUser" name="test_edit_name_and_mobile" time="0.343" /><testcase classname="backend.tests.test_tasklio_cloud.TestAdminEditUser" name="test_edit_invalid_mobile_returns_400" time="0.348" /><testcase classname="backend.tests.test_tasklio_cloud.TestAdminEditUser" name="test_edit_password_rehash_and_login" time="1.145" /><testcase classname="backend.tests.test_tasklio_cloud.TestAdminDeleteUser" name="test_soft_delete_hides_user_and_blocks_me" time="0.479" /><testcase classname="backend.tests.test_tasklio_cloud.TestAdminPayoutReprocessBlocked" name="test_double_process_returns_400" time="0.245" /><testcase classname="backend.tests.test_tasklio_cloud.TestAdminTargetedNotify" name="test_targeted_notify_creates_notif_for_user_only" time="0.618" /><testcase classname="backend.tests.test_tasklio_cloud.TestAdminTargetedNotify" name="test_targeted_notify_invalid_userid_400" time="0.059" /><testcase classname="backend.tests.test_tasklio_cloud.TestAdminConfigGroups" name="test_each_group_persists_and_others_survive" time="0.585" /><testcase classname="backend.tests.test_tasklio_cloud.TestAdminMaintenanceToggle" name="test_toggle_global_maintenance_and_reset" time="0.234" /><testcase classname="backend.tests.test_tasklio_cloud.TestAdminDashboardShape" name="test_dashboard_types" time="0.059" /><testcase classname="backend.tests.test_tasklio_cloud.TestAdminPayoutsShape" name="test_payouts_have_embedded_user" time="0.200" /></testsuite></testsuites>