<?xml version="1.0" encoding="utf-8"?><testsuites name="pytest tests"><testsuite name="pytest" errors="0" failures="0" skipped="0" tests="26" time="8.992" timestamp="2026-09-22T14:28:34.974358+00:00" hostname="agent-env-4c1d6ad7-4736-4152-9c75-112bd3e61158"><testcase classname="backend.tests.test_tasklio_cloud.TestHealth" name="test_root" time="0.296" /><testcase classname="backend.tests.test_tasklio_cloud.TestHealth" name="test_config_public" time="0.120" /><testcase classname="backend.tests.test_tasklio_cloud.TestAuth" name="test_register_returns_token_and_state" time="0.299" /><testcase classname="backend.tests.test_tasklio_cloud.TestAuth" name="test_duplicate_mobile_returns_409" time="0.165" /><testcase classname="backend.tests.test_tasklio_cloud.TestAuth" name="test_login_ok" time="0.310" /><testcase classname="backend.tests.test_tasklio_cloud.TestAuth" name="test_login_wrong_password_401" time="0.318" /><testcase classname="backend.tests.test_tasklio_cloud.TestAuth" name="test_invalid_mobile_format" time="0.077" /><testcase classname="backend.tests.test_tasklio_cloud.TestUserFlow" name="test_me_returns_state" time="0.130" /><testcase classname="backend.tests.test_tasklio_cloud.TestUserFlow" name="test_earn_adds_points_and_txn" time="0.072" /><testcase classname="backend.tests.test_tasklio_cloud.TestUserFlow" name="test_checkin_first_ok_second_400" time="0.143" /><testcase classname="backend.tests.test_tasklio_cloud.TestUserFlow" name="test_chances_consume_and_add" time="0.272" /><testcase classname="backend.tests.test_tasklio_cloud.TestUserFlow" name="test_payout_deducts_and_creates_pending" time="0.229" /><testcase classname="backend.tests.test_tasklio_cloud.TestUserFlow" name="test_payout_invalid_upi_400" time="0.081" /><testcase classname="backend.tests.test_tasklio_cloud.TestUserFlow" name="test_payout_insufficient_points" time="0.064" /><testcase classname="backend.tests.test_tasklio_cloud.TestAdminGuard" name="test_wrong_admin_key_403" time="0.078" /><testcase classname="backend.tests.test_tasklio_cloud.TestAdminGuard" name="test_admin_route_no_token_401" time="0.072" /><testcase classname="backend.tests.test_tasklio_cloud.TestAdminGuard" name="test_admin_route_with_user_token_403" time="3.511" /><testcase classname="backend.tests.test_tasklio_cloud.TestAdminGuard" name="test_admin_users_with_user_token_403" time="0.090" /><testcase classname="backend.tests.test_tasklio_cloud.TestAdminActions" name="test_admin_dashboard" time="0.215" /><testcase classname="backend.tests.test_tasklio_cloud.TestAdminActions" name="test_admin_list_users" time="0.070" /><testcase classname="backend.tests.test_tasklio_cloud.TestAdminActions" name="test_admin_list_payouts" time="0.068" /><testcase classname="backend.tests.test_tasklio_cloud.TestAdminActions" name="test_admin_adjust_points" time="0.311" /><testcase classname="backend.tests.test_tasklio_cloud.TestAdminActions" name="test_admin_approve_payout" time="0.435" /><testcase classname="backend.tests.test_tasklio_cloud.TestAdminActions" name="test_admin_reject_payout_refunds" time="0.547" /><testcase classname="backend.tests.test_tasklio_cloud.TestAdminActions" name="test_admin_broadcast_notify" time="0.698" /><testcase classname="backend.tests.test_tasklio_cloud.TestAdminActions" name="test_admin_update_config" time="0.178" /></testsuite></testsuites>